<?xml version="1.0" encoding="UTF-8"?>
<testng-results ignored="0" total="1" passed="1" failed="0" skipped="0">
  <reporter-output>
  </reporter-output>
  <suite started-at="2022-08-11T00:29:43 IST" name="Suite" finished-at="2022-08-11T00:30:56 IST" duration-ms="73118">
    <groups>
    </groups>
    <test started-at="2022-08-11T00:29:43 IST" name="Test" finished-at="2022-08-11T00:30:56 IST" duration-ms="73118">
      <class name="com.automation.test.LoginTest">
        <test-method is-config="true" signature="setSuite()[pri:0, instance:com.automation.test.LoginTest@31368b99]" started-at="2022-08-11T00:29:42 IST" name="setSuite" finished-at="2022-08-11T00:29:43 IST" duration-ms="1041" status="PASS">
          <reporter-output>
          </reporter-output>
        </test-method> <!-- setSuite -->
        <test-method is-config="true" signature="setUp()[pri:0, instance:com.automation.test.LoginTest@31368b99]" started-at="2022-08-11T00:29:43 IST" name="setUp" finished-at="2022-08-11T00:30:15 IST" duration-ms="31468" status="PASS">
          <reporter-output>
          </reporter-output>
        </test-method> <!-- setUp -->
        <test-method signature="launchTest()[pri:0, instance:com.automation.test.LoginTest@31368b99]" started-at="2022-08-11T00:30:15 IST" name="launchTest" finished-at="2022-08-11T00:30:56 IST" duration-ms="40977" status="PASS">
          <reporter-output>
          </reporter-output>
        </test-method> <!-- launchTest -->
        <test-method is-config="true" signature="tearDown()[pri:0, instance:com.automation.test.LoginTest@31368b99]" started-at="2022-08-11T00:30:56 IST" name="tearDown" finished-at="2022-08-11T00:30:56 IST" duration-ms="575" status="PASS">
          <reporter-output>
          </reporter-output>
        </test-method> <!-- tearDown -->
      </class> <!-- com.automation.test.LoginTest -->
    </test> <!-- Test -->
  </suite> <!-- Suite -->
</testng-results>
